<?xml version="1.0" encoding="UTF-8"?>
<!-- Generated by org.testng.reporters.JUnitXMLReporter -->
<testsuite ignored="2" hostname="LAPTOP-ALOSCT3M" failures="0" tests="6" name="Surefire test" time="24.826" errors="0" timestamp="2022-08-24T04:32:16 PST">
  <testcase classname="testcase.atomic.NavigationTest" name="NavigateFromHomeToStoreUsingMainMenu" time="5.691"/>
  <testcase classname="testcase.atomic.SearchTest" name="searchWithPartialMatch" time="5.829"/>
  <testcase classname="testcase.atomic.AddToCartTest" name="addToCartFromStorePage" time="7.554"/>
  <testcase classname="testcase.atomic.CheckOutUsingAPITest" name="guestCheckoutUsingDirectBankTransfer" time="13.357"/>
  <testcase classname="testcase.atomic.LoginUsingAPITest" name="loginDuringCheckout" time="14.335"/>
  <testcase classname="testcase.atomic.CheckOutUsingAPITest" name="LoginAndCheckoutUsingDirectBankTransfer" time="16.262"/>
  <testcase classname="testcase.MyFirstTestCase" name="loginAndCheckoutUsingDirectBankTransfer" time="0.0">
    <ignored/>
  </testcase> <!-- loginAndCheckoutUsingDirectBankTransfer -->
  <testcase classname="testcase.MyFirstTestCase" name="guestCheckoutUsingDirectBankTransfer" time="0.0">
    <ignored/>
  </testcase> <!-- guestCheckoutUsingDirectBankTransfer -->
</testsuite> <!-- Surefire test -->
