<?xml version="1.0" encoding="UTF-8"?>
<testng-results ignored="2" total="8" passed="6" failed="0" skipped="0">
  <reporter-output>
  </reporter-output>
  <suite started-at="2022-08-24T04:31:51 PST" name="Surefire suite" finished-at="2022-08-24T04:32:16 PST" duration-ms="24826">
    <groups>
    </groups>
    <test started-at="2022-08-24T04:31:51 PST" name="Surefire test" finished-at="2022-08-24T04:32:16 PST" duration-ms="24826">
      <class name="testcase.atomic.NavigationTest">
        <test-method is-config="true" signature="startDriver(java.lang.String)[pri:0, instance:testcase.atomic.NavigationTest@41fbdac4]" started-at="2022-08-24T04:31:51 PST" name="startDriver" finished-at="2022-08-24T04:31:59 PST" duration-ms="8083" status="PASS">
          <params>
            <param index="0">
              <value>
                <![CDATA[CHROME]]>
              </value>
            </param>
          </params>
          <reporter-output>
          </reporter-output>
        </test-method> <!-- startDriver -->
        <test-method signature="NavigateFromHomeToStoreUsingMainMenu()[pri:0, instance:testcase.atomic.NavigationTest@41fbdac4]" started-at="2022-08-24T04:31:59 PST" name="NavigateFromHomeToStoreUsingMainMenu" finished-at="2022-08-24T04:32:05 PST" duration-ms="5691" status="PASS">
          <reporter-output>
          </reporter-output>
        </test-method> <!-- NavigateFromHomeToStoreUsingMainMenu -->
        <test-method is-config="true" signature="quitDriver()[pri:0, instance:testcase.atomic.NavigationTest@41fbdac4]" started-at="2022-08-24T04:32:05 PST" name="quitDriver" finished-at="2022-08-24T04:32:08 PST" duration-ms="3853" status="PASS">
          <reporter-output>
          </reporter-output>
        </test-method> <!-- quitDriver -->
      </class> <!-- testcase.atomic.NavigationTest -->
      <class name="testcase.atomic.LoginUsingAPITest">
        <test-method is-config="true" signature="startDriver(java.lang.String)[pri:0, instance:testcase.atomic.LoginUsingAPITest@647e447]" started-at="2022-08-24T04:31:51 PST" name="startDriver" finished-at="2022-08-24T04:31:59 PST" duration-ms="8046" status="PASS">
          <params>
            <param index="0">
              <value>
                <![CDATA[CHROME]]>
              </value>
            </param>
          </params>
          <reporter-output>
          </reporter-output>
        </test-method> <!-- startDriver -->
        <test-method signature="loginDuringCheckout()[pri:0, instance:testcase.atomic.LoginUsingAPITest@647e447]" started-at="2022-08-24T04:31:59 PST" name="loginDuringCheckout" finished-at="2022-08-24T04:32:13 PST" duration-ms="14335" status="PASS">
          <reporter-output>
          </reporter-output>
        </test-method> <!-- loginDuringCheckout -->
        <test-method is-config="true" signature="quitDriver()[pri:0, instance:testcase.atomic.LoginUsingAPITest@647e447]" started-at="2022-08-24T04:32:13 PST" name="quitDriver" finished-at="2022-08-24T04:32:14 PST" duration-ms="519" status="PASS">
          <reporter-output>
          </reporter-output>
        </test-method> <!-- quitDriver -->
      </class> <!-- testcase.atomic.LoginUsingAPITest -->
      <class name="testcase.atomic.AddToCartTest">
        <test-method is-config="true" signature="startDriver(java.lang.String)[pri:0, instance:testcase.atomic.AddToCartTest@28eaa59a]" started-at="2022-08-24T04:31:51 PST" name="startDriver" finished-at="2022-08-24T04:31:59 PST" duration-ms="8007" status="PASS">
          <params>
            <param index="0">
              <value>
                <![CDATA[CHROME]]>
              </value>
            </param>
          </params>
          <reporter-output>
          </reporter-output>
        </test-method> <!-- startDriver -->
        <test-method signature="addToCartFromStorePage()[pri:0, instance:testcase.atomic.AddToCartTest@28eaa59a]" started-at="2022-08-24T04:31:59 PST" name="addToCartFromStorePage" finished-at="2022-08-24T04:32:06 PST" duration-ms="7554" status="PASS">
          <reporter-output>
          </reporter-output>
        </test-method> <!-- addToCartFromStorePage -->
        <test-method is-config="true" signature="quitDriver()[pri:0, instance:testcase.atomic.AddToCartTest@28eaa59a]" started-at="2022-08-24T04:32:06 PST" name="quitDriver" finished-at="2022-08-24T04:32:08 PST" duration-ms="2008" status="PASS">
          <reporter-output>
          </reporter-output>
        </test-method> <!-- quitDriver -->
      </class> <!-- testcase.atomic.AddToCartTest -->
      <class name="testcase.atomic.CheckOutUsingAPITest">
        <test-method is-config="true" signature="startDriver(java.lang.String)[pri:0, instance:testcase.atomic.CheckOutUsingAPITest@3427b02d]" started-at="2022-08-24T04:31:51 PST" name="startDriver" finished-at="2022-08-24T04:31:59 PST" duration-ms="7834" status="PASS">
          <params>
            <param index="0">
              <value>
                <![CDATA[CHROME]]>
              </value>
            </param>
          </params>
          <reporter-output>
          </reporter-output>
        </test-method> <!-- startDriver -->
        <test-method is-config="true" signature="startDriver(java.lang.String)[pri:0, instance:testcase.atomic.CheckOutUsingAPITest@3427b02d]" started-at="2022-08-24T04:31:51 PST" name="startDriver" finished-at="2022-08-24T04:31:59 PST" duration-ms="8265" status="PASS">
          <params>
            <param index="0">
              <value>
                <![CDATA[CHROME]]>
              </value>
            </param>
          </params>
          <reporter-output>
          </reporter-output>
        </test-method> <!-- startDriver -->
        <test-method signature="guestCheckoutUsingDirectBankTransfer()[pri:0, instance:testcase.atomic.CheckOutUsingAPITest@3427b02d]" started-at="2022-08-24T04:31:59 PST" name="guestCheckoutUsingDirectBankTransfer" finished-at="2022-08-24T04:32:12 PST" duration-ms="13357" status="PASS">
          <reporter-output>
          </reporter-output>
        </test-method> <!-- guestCheckoutUsingDirectBankTransfer -->
        <test-method signature="LoginAndCheckoutUsingDirectBankTransfer()[pri:0, instance:testcase.atomic.CheckOutUsingAPITest@3427b02d]" started-at="2022-08-24T04:31:59 PST" name="LoginAndCheckoutUsingDirectBankTransfer" finished-at="2022-08-24T04:32:15 PST" duration-ms="16262" status="PASS">
          <reporter-output>
          </reporter-output>
        </test-method> <!-- LoginAndCheckoutUsingDirectBankTransfer -->
        <test-method is-config="true" signature="quitDriver()[pri:0, instance:testcase.atomic.CheckOutUsingAPITest@3427b02d]" started-at="2022-08-24T04:32:12 PST" name="quitDriver" finished-at="2022-08-24T04:32:12 PST" duration-ms="413" status="PASS">
          <reporter-output>
          </reporter-output>
        </test-method> <!-- quitDriver -->
        <test-method is-config="true" signature="quitDriver()[pri:0, instance:testcase.atomic.CheckOutUsingAPITest@3427b02d]" started-at="2022-08-24T04:32:15 PST" name="quitDriver" finished-at="2022-08-24T04:32:16 PST" duration-ms="243" status="PASS">
          <reporter-output>
          </reporter-output>
        </test-method> <!-- quitDriver -->
      </class> <!-- testcase.atomic.CheckOutUsingAPITest -->
      <class name="testcase.atomic.SearchTest">
        <test-method is-config="true" signature="startDriver(java.lang.String)[pri:0, instance:testcase.atomic.SearchTest@3c407114]" started-at="2022-08-24T04:31:51 PST" name="startDriver" finished-at="2022-08-24T04:31:59 PST" duration-ms="8076" status="PASS">
          <params>
            <param index="0">
              <value>
                <![CDATA[CHROME]]>
              </value>
            </param>
          </params>
          <reporter-output>
          </reporter-output>
        </test-method> <!-- startDriver -->
        <test-method signature="searchWithPartialMatch()[pri:0, instance:testcase.atomic.SearchTest@3c407114]" started-at="2022-08-24T04:31:59 PST" name="searchWithPartialMatch" finished-at="2022-08-24T04:32:05 PST" duration-ms="5829" status="PASS">
          <reporter-output>
          </reporter-output>
        </test-method> <!-- searchWithPartialMatch -->
        <test-method is-config="true" signature="quitDriver()[pri:0, instance:testcase.atomic.SearchTest@3c407114]" started-at="2022-08-24T04:32:05 PST" name="quitDriver" finished-at="2022-08-24T04:32:09 PST" duration-ms="4205" status="PASS">
          <reporter-output>
          </reporter-output>
        </test-method> <!-- quitDriver -->
      </class> <!-- testcase.atomic.SearchTest -->
    </test> <!-- Surefire test -->
  </suite> <!-- Surefire suite -->
</testng-results>
