<?xml version="1.0" encoding="UTF-8"?>
<testng-results ignored="0" total="1" passed="1" failed="0" skipped="0">
  <reporter-output>
  </reporter-output>
  <suite started-at="2022-08-28T05:48:30 PST" name="Default suite" finished-at="2022-08-28T05:48:39 PST" duration-ms="9676">
    <groups>
    </groups>
    <test started-at="2022-08-28T05:48:30 PST" name="Default test" finished-at="2022-08-28T05:48:39 PST" duration-ms="9676">
      <class name="testcase.atomic.NavigationTest">
        <test-method is-config="true" signature="startDriver(java.lang.String)[pri:0, instance:testcase.atomic.NavigationTest@301aa982]" started-at="2022-08-28T05:48:30 PST" name="startDriver" finished-at="2022-08-28T05:48:36 PST" duration-ms="6346" status="PASS">
          <params>
            <param index="0">
              <value is-null="true"/>
            </param>
          </params>
          <reporter-output>
          </reporter-output>
        </test-method> <!-- startDriver -->
        <test-method signature="NavigateFromHomeToStoreUsingMainMenu()[pri:0, instance:testcase.atomic.NavigationTest@301aa982]" started-at="2022-08-28T05:48:36 PST" name="NavigateFromHomeToStoreUsingMainMenu" description="This API test case is for Navigation from home to store using in the main menu" finished-at="2022-08-28T05:48:39 PST" duration-ms="2754" status="PASS">
          <reporter-output>
          </reporter-output>
        </test-method> <!-- NavigateFromHomeToStoreUsingMainMenu -->
        <test-method is-config="true" signature="quitDriver(java.lang.String,org.testng.ITestResult)[pri:0, instance:testcase.atomic.NavigationTest@301aa982]" started-at="2022-08-28T05:48:39 PST" name="quitDriver" finished-at="2022-08-28T05:48:39 PST" duration-ms="263" status="PASS">
          <params>
            <param index="0">
              <value is-null="true"/>
            </param>
            <param index="1">
              <value>
                <![CDATA[[TestResult name=NavigateFromHomeToStoreUsingMainMenu status=SUCCESS method=NavigationTest.NavigateFromHomeToStoreUsingMainMenu()[pri:0, instance:testcase.atomic.NavigationTest@301aa982] output={null}]]]>
              </value>
            </param>
          </params>
          <reporter-output>
          </reporter-output>
        </test-method> <!-- quitDriver -->
      </class> <!-- testcase.atomic.NavigationTest -->
    </test> <!-- Default test -->
  </suite> <!-- Default suite -->
</testng-results>
