<?xml version="1.0" encoding="UTF-8"?>
<!-- Generated by org.testng.reporters.JUnitXMLReporter -->
<testsuite ignored="0" hostname="LAPTOP-ALOSCT3M" failures="1" tests="2" name="TestScenariosForFireFox" time="26.453" errors="0" timestamp="2022-08-20T02:22:23 PST">
  <testcase classname="testcase.MyFirstTestCase" name="loginAndCheckoutUsingDirectBankTransfer" time="11.756">
    <failure type="org.openqa.selenium.StaleElementReferenceException" message="The element reference of &amp;lt;input id=&amp;quot;billing_address_1&amp;quot; class=&amp;quot;input-text &amp;quot; name=&amp;quot;billing_address_1&amp;quot; type=&amp;quot;text&amp;quot;&amp;gt; is stale; either the element is no longer attached to the DOM, it is not in the current frame context, or the document has been refreshed
For documentation on this error, please visit: https://selenium.dev/exceptions/#stale_element_reference
Build info: version: &amp;apos;4.3.0&amp;apos;, revision: &amp;apos;a4995e2c09*&amp;apos;
System info: host: &amp;apos;LAPTOP-ALOSCT3M&amp;apos;, ip: &amp;apos;192.168.0.29&amp;apos;, os.name: &amp;apos;Windows 10&amp;apos;, os.arch: &amp;apos;amd64&amp;apos;, os.version: &amp;apos;10.0&amp;apos;, java.version: &amp;apos;17.0.1&amp;apos;
Driver info: org.openqa.selenium.firefox.FirefoxDriver
Command: [9475bde2-b210-4b3b-ad2f-50c1a52a6a02, clearElement {id=2e2196ea-8a7a-4bfb-baa6-2ee5d9d5b68c}]
Capabilities {acceptInsecureCerts: true, browserName: firefox, browserVersion: 103.0.2, moz:accessibilityChecks: false, moz:buildID: 20220808125904, moz:debuggerAddress: localhost:54161, moz:geckodriverVersion: 0.31.0, moz:headless: false, moz:platformVersion: 10.0, moz:processID: 2468, moz:profile: C:\Users\EMMANU~1\AppData\L..., moz:shutdownTimeout: 60000, moz:useNonSpecCompliantPointerOrigin: false, moz:webdriverClick: true, moz:windowless: false, pageLoadStrategy: normal, platformName: WINDOWS, proxy: Proxy(), se:cdp: ws://localhost:54161/devtoo..., se:cdpVersion: 85.0, setWindowRect: true, strictFileInteractability: false, timeouts: {implicit: 0, pageLoad: 300000, script: 30000}, unhandledPromptBehavior: dismiss and notify}
Element: [[FirefoxDriver: firefox on WINDOWS (9475bde2-b210-4b3b-ad2f-50c1a52a6a02)] -&amp;gt; id: billing_address_1]
Session ID: 9475bde2-b210-4b3b-ad2f-50c1a52a6a02">
      <![CDATA[org.openqa.selenium.StaleElementReferenceException: The element reference of <input id="billing_address_1" class="input-text " name="billing_address_1" type="text"> is stale; either the element is no longer attached to the DOM, it is not in the current frame context, or the document has been refreshed
For documentation on this error, please visit: https://selenium.dev/exceptions/#stale_element_reference
Build info: version: '4.3.0', revision: 'a4995e2c09*'
System info: host: 'LAPTOP-ALOSCT3M', ip: '192.168.0.29', os.name: 'Windows 10', os.arch: 'amd64', os.version: '10.0', java.version: '17.0.1'
Driver info: org.openqa.selenium.firefox.FirefoxDriver
Command: [9475bde2-b210-4b3b-ad2f-50c1a52a6a02, clearElement {id=2e2196ea-8a7a-4bfb-baa6-2ee5d9d5b68c}]
Capabilities {acceptInsecureCerts: true, browserName: firefox, browserVersion: 103.0.2, moz:accessibilityChecks: false, moz:buildID: 20220808125904, moz:debuggerAddress: localhost:54161, moz:geckodriverVersion: 0.31.0, moz:headless: false, moz:platformVersion: 10.0, moz:processID: 2468, moz:profile: C:\Users\EMMANU~1\AppData\L..., moz:shutdownTimeout: 60000, moz:useNonSpecCompliantPointerOrigin: false, moz:webdriverClick: true, moz:windowless: false, pageLoadStrategy: normal, platformName: WINDOWS, proxy: Proxy(), se:cdp: ws://localhost:54161/devtoo..., se:cdpVersion: 85.0, setWindowRect: true, strictFileInteractability: false, timeouts: {implicit: 0, pageLoad: 300000, script: 30000}, unhandledPromptBehavior: dismiss and notify}
Element: [[FirefoxDriver: firefox on WINDOWS (9475bde2-b210-4b3b-ad2f-50c1a52a6a02)] -> id: billing_address_1]
Session ID: 9475bde2-b210-4b3b-ad2f-50c1a52a6a02
at org.openqa.selenium.remote.codec.w3c.W3CHttpResponseCodec.createException(W3CHttpResponseCodec.java:200)
at org.openqa.selenium.remote.codec.w3c.W3CHttpResponseCodec.decode(W3CHttpResponseCodec.java:133)
at org.openqa.selenium.remote.codec.w3c.W3CHttpResponseCodec.decode(W3CHttpResponseCodec.java:53)
at org.openqa.selenium.remote.HttpCommandExecutor.execute(HttpCommandExecutor.java:184)
at org.openqa.selenium.remote.service.DriverCommandExecutor.invokeExecute(DriverCommandExecutor.java:167)
at org.openqa.selenium.remote.service.DriverCommandExecutor.execute(DriverCommandExecutor.java:142)
at org.openqa.selenium.remote.RemoteWebDriver.execute(RemoteWebDriver.java:569)
at org.openqa.selenium.remote.RemoteWebElement.execute(RemoteWebElement.java:257)
at org.openqa.selenium.remote.RemoteWebElement.clear(RemoteWebElement.java:132)
at pages.CheckoutPage.populatebillingAddress(CheckoutPage.java:63)
at pages.CheckoutPage.enterBillingDetails(CheckoutPage.java:167)
at testcase.MyFirstTestCase.loginAndCheckoutUsingDirectBankTransfer(MyFirstTestCase.java:175)
at java.base/java.util.concurrent.ThreadPoolExecutor.runWorker(ThreadPoolExecutor.java:1136)
at java.base/java.util.concurrent.ThreadPoolExecutor$Worker.run(ThreadPoolExecutor.java:635)
at java.base/java.lang.Thread.run(Thread.java:833)
... Removed 17 stack frames]]>
    </failure>
  </testcase> <!-- loginAndCheckoutUsingDirectBankTransfer -->
  <testcase classname="testcase.MyFirstTestCase" name="guestCheckoutUsingDirectBankTransfer" time="11.637"/>
</testsuite> <!-- TestScenariosForFireFox -->
