<?xml version="1.0" encoding="UTF-8"?>
<!-- Generated by org.testng.reporters.JUnitXMLReporter -->
<testsuite ignored="0" hostname="LAPTOP-ALOSCT3M" failures="0" tests="2" name="TestScenarios" time="27.223" errors="0" timestamp="18 Aug 2022 09:54:58 GMT">
  <testcase classname="testcase.MyFirstTestCase" name="guestCheckoutUsingDirectBankTransfer" time="8.569"/>
  <testcase classname="testcase.MyFirstTestCase" name="loginAndCheckoutUsingDirectBankTransfer" time="9.559"/>
</testsuite> <!-- TestScenarios -->
