<?xml version="1.0" encoding="UTF-8"?>
<!-- Generated by org.testng.reporters.JUnitXMLReporter -->
<testsuite ignored="0" hostname="LAPTOP-ALOSCT3M" failures="0" tests="11" name="TestScenariosForChrome" time="52.572" errors="0" timestamp="2022-08-28T05:27:21 PST">
  <testcase classname="testcase.atomic.NavigationTest" name="NavigateFromHomeToStoreUsingMainMenu" time="7.948"/>
  <testcase classname="testcase.atomic.AddToCartTest" name="addToCartFromStorePage" time="8.727"/>
  <testcase classname="testcase.atomic.AddToCartTest" name="addToCartFeaturedProducts" time="8.109"/>
  <testcase classname="testcase.atomic.AddToCartTest" name="addToCartFeaturedProducts" time="6.286"/>
  <testcase classname="testcase.atomic.AddToCartTest" name="addToCartFeaturedProducts" time="7.421"/>
  <testcase classname="testcase.atomic.CheckOutUsingAPITest" name="guestCheckoutUsingDirectBankTransfer" time="21.773"/>
  <testcase classname="testcase.atomic.LoginUsingAPITest" name="loginDuringCheckout" time="29.924"/>
  <testcase classname="testcase.atomic.AddToCartTest" name="addToCartFeaturedProducts" time="11.515"/>
  <testcase classname="testcase.atomic.CheckOutUsingAPITest" name="LoginAndCheckoutUsingDirectBankTransfer" time="30.991"/>
  <testcase classname="testcase.atomic.AddToCartTest" name="addToCartFeaturedProducts" time="15.014"/>
  <testcase classname="testcase.atomic.SearchTest" name="searchWithPartialMatch" time="2.109"/>
</testsuite> <!-- TestScenariosForChrome -->
